<?xml version="1.0" encoding="UTF-8"?>
<!-- Generated by org.testng.reporters.JUnitReportReporter -->
<testsuite hostname="DESKTOP-O8S5GCU" failures="0" tests="3" name="com.edu.frameworktest.test.ContactsPageTest" time="55.672" errors="0" timestamp="09 Jul 2021 18:50:23 GMT" skipped="2">
  <testcase classname="com.edu.frameworktest.test.ContactsPageTest" name="validateCreateNewContact" time="55.672"/>
  <testcase classname="com.edu.frameworktest.test.ContactsPageTest" name="verifyConatctsPageLabelTest">
    <skipped/>
  </testcase> <!-- verifyConatctsPageLabelTest -->
  <testcase classname="com.edu.frameworktest.test.ContactsPageTest" name="selectContactTest">
    <skipped/>
  </testcase> <!-- selectContactTest -->
</testsuite> <!-- com.edu.frameworktest.test.ContactsPageTest -->
